<?xml version="1.0" encoding="UTF-8"?>
<testng-results ignored="0" total="4" passed="4" failed="0" skipped="0">
  <reporter-output>
  </reporter-output>
  <suite started-at="2023-10-19T12:09:49 PKT" name="Default suite" finished-at="2023-10-19T12:09:54 PKT" duration-ms="5334">
    <groups>
    </groups>
    <test started-at="2023-10-19T12:09:49 PKT" name="Default test" finished-at="2023-10-19T12:09:54 PKT" duration-ms="5334">
      <class name="Day_1.httpRequest">
        <test-method signature="getUsers()[pri:1, instance:Day_1.httpRequest@6379eb]" started-at="2023-10-19T12:09:49 PKT" name="getUsers" finished-at="2023-10-19T12:09:52 PKT" duration-ms="3072" status="PASS">
          <reporter-output>
          </reporter-output>
        </test-method> <!-- getUsers -->
        <test-method signature="createUser()[pri:2, instance:Day_1.httpRequest@6379eb]" started-at="2023-10-19T12:09:52 PKT" name="createUser" finished-at="2023-10-19T12:09:53 PKT" duration-ms="904" status="PASS">
          <reporter-output>
          </reporter-output>
        </test-method> <!-- createUser -->
        <test-method signature="updateUser()[pri:3, instance:Day_1.httpRequest@6379eb]" started-at="2023-10-19T12:09:53 PKT" name="updateUser" finished-at="2023-10-19T12:09:54 PKT" depends-on-methods="Day_1.httpRequest.createUser" duration-ms="760" status="PASS">
          <reporter-output>
          </reporter-output>
        </test-method> <!-- updateUser -->
        <test-method signature="deleteUser()[pri:4, instance:Day_1.httpRequest@6379eb]" started-at="2023-10-19T12:09:54 PKT" name="deleteUser" finished-at="2023-10-19T12:09:54 PKT" duration-ms="542" status="PASS">
          <reporter-output>
          </reporter-output>
        </test-method> <!-- deleteUser -->
      </class> <!-- Day_1.httpRequest -->
    </test> <!-- Default test -->
  </suite> <!-- Default suite -->
</testng-results>
